#
# There is insufficient memory for the Java Runtime Environment to continue.
# Native memory allocation (malloc) failed to allocate 1067376 bytes for Chunk::new
# Possible reasons:
#   The system is out of physical RAM or swap space
#   The process is running with CompressedOops enabled, and the Java Heap may be blocking the growth of the native heap
# Possible solutions:
#   Reduce memory load on the system
#   Increase physical memory or swap space
#   Check if swap backing store is full
#   Decrease Java heap size (-Xmx/-Xms)
#   Decrease number of Java threads
#   Decrease Java thread stack sizes (-Xss)
#   Set larger code cache with -XX:ReservedCodeCacheSize=
#   JVM is running with Unscaled Compressed Oops mode in which the Java heap is
#     placed in the first 4GB address space. The Java Heap base address is the
#     maximum limit for the native heap growth. Please use -XX:HeapBaseMinAddress
#     to set the Java Heap base and to place the Java Heap above 4GB virtual address.
# This output file may be truncated or incomplete.
#
#  Out of Memory Error (allocation.cpp:389), pid=9772, tid=0x00000000000019ec
#
# JRE version: OpenJDK Runtime Environment (8.0_242-b01) (build 1.8.0_242-release-1644-b01)
# Java VM: OpenJDK 64-Bit Server VM (25.242-b01 mixed mode windows-amd64 compressed oops)
# Failed to write core dump. Minidumps are not enabled by default on client versions of Windows
#

---------------  T H R E A D  ---------------

Current thread (0x000000001714b000):  JavaThread "C2 CompilerThread1" daemon [_thread_in_native, id=6636, stack(0x00000000188a0000,0x00000000189a0000)]

Stack: [0x00000000188a0000,0x00000000189a0000]
[error occurred during error reporting (printing stack bounds), id 0xc0000005]

Native frames: (J=compiled Java code, j=interpreted, Vv=VM code, C=native code)


Current CompileTask:
C2:   3910 1676       4       java.net.URLClassLoader$1::run (5 bytes)


---------------  P R O C E S S  ---------------

Java Threads: ( => current thread )
  0x0000000018ad9800 JavaThread "Service Thread" daemon [_thread_blocked, id=6396, stack(0x0000000018ea0000,0x0000000018fa0000)]
  0x000000001715c800 JavaThread "C1 CompilerThread2" daemon [_thread_blocked, id=6664, stack(0x00000000189a0000,0x0000000018aa0000)]
=>0x000000001714b000 JavaThread "C2 CompilerThread1" daemon [_thread_in_native, id=6636, stack(0x00000000188a0000,0x00000000189a0000)]
  0x0000000017143000 JavaThread "C2 CompilerThread0" daemon [_thread_blocked, id=6232, stack(0x00000000187a0000,0x00000000188a0000)]
  0x0000000017142000 JavaThread "Attach Listener" daemon [_thread_blocked, id=8536, stack(0x00000000186a0000,0x00000000187a0000)]
  0x0000000017148800 JavaThread "Signal Dispatcher" daemon [_thread_blocked, id=11924, stack(0x00000000185a0000,0x00000000186a0000)]
  0x0000000002c8c800 JavaThread "Finalizer" daemon [_thread_blocked, id=9160, stack(0x0000000018390000,0x0000000018490000)]
  0x0000000017129000 JavaThread "Reference Handler" daemon [_thread_blocked, id=11216, stack(0x0000000018290000,0x0000000018390000)]
  0x0000000002ade800 JavaThread "main" [_thread_in_vm, id=10096, stack(0x00000000029c0000,0x0000000002ac0000)]

Other Threads:
  0x0000000017105800 VMThread [stack: 0x0000000018190000,0x0000000018290000] [id=5300]
  0x0000000018adc000 WatcherThread [stack: 0x0000000018fa0000,0x00000000190a0000] [id=12192]

VM state:not at safepoint (normal execution)

VM Mutex/Monitor currently owned by a thread: None

heap address: 0x000000008cc00000, size: 1844 MB, Compressed Oops mode: 32-bit
Narrow klass base: 0x0000000000000000, Narrow klass shift: 3
Compressed class space size: 1073741824 Address: 0x0000000100000000

Heap:
 PSYoungGen      total 65024K, used 13340K [0x00000000d9980000, 0x00000000ddd80000, 0x0000000100000000)
  eden space 60416K, 22% used [0x00000000d9980000,0x00000000da6872e8,0x00000000dd480000)
  from space 4608K, 0% used [0x00000000dd480000,0x00000000dd480000,0x00000000dd900000)
  to   space 4608K, 0% used [0x00000000dd900000,0x00000000dd900000,0x00000000ddd80000)
 ParOldGen       total 91136K, used 23017K [0x000000008cc00000, 0x0000000092500000, 0x00000000d9980000)
  object space 91136K, 25% used [0x000000008cc00000,0x000000008e27a7a8,0x0000000092500000)
 Metaspace       used 24318K, capacity 24916K, committed 25088K, reserved 1071104K
  class space    used 3107K, capacity 3280K, committed 3328K, reserved 1048576K

Card table byte_map: [0x0000000012050000,0x00000000123f0000] byte_map_base: 0x0000000011bea000

Marking Bits: (ParMarkBitMap*) 0x000000006058f030
 Begin Bits: [0x0000000012a60000, 0x0000000014730000)
 End Bits:   [0x0000000014730000, 0x0000000016400000)

Polling page: 0x0000000001170000

CodeCache: size=245760Kb used=5350Kb max_used=5350Kb free=240409Kb
 bounds [0x0000000002c90000, 0x00000000031d0000, 0x0000000011c90000]
 total_blobs=2139 nmethods=1688 adapters=365
 compilation: enabled

Compilation events (10 events):
Event: 3.845 Thread 0x000000001715c800 1686       3       java.lang.Class::getConstructor0 (103 bytes)
Event: 3.847 Thread 0x000000001715c800 nmethod 1686 0x00000000031c9990 code [0x00000000031c9c80, 0x00000000031cb178]
Event: 3.854 Thread 0x000000001715c800 1687       3       java.lang.Class::arrayContentsEq (70 bytes)
Event: 3.854 Thread 0x000000001715c800 nmethod 1687 0x00000000031cc510 code [0x00000000031cc6a0, 0x00000000031ccad0]
Event: 3.890 Thread 0x000000001715c800 1688       3       java.lang.Class::getConstructor (16 bytes)
Event: 3.890 Thread 0x000000001715c800 nmethod 1688 0x00000000031c9510 code [0x00000000031c96a0, 0x00000000031c98a8]
Event: 3.901 Thread 0x000000001715c800 1689       3       java.lang.reflect.Constructor::copy (72 bytes)
Event: 3.901 Thread 0x000000001715c800 nmethod 1689 0x00000000031ccc50 code [0x00000000031ccde0, 0x00000000031cd138]
Event: 3.901 Thread 0x000000001715c800 1690       3       java.lang.reflect.Constructor::<init> (50 bytes)
Event: 3.902 Thread 0x000000001715c800 nmethod 1690 0x00000000031cd250 code [0x00000000031cd3c0, 0x00000000031cd6d0]

GC Heap History (8 events):
Event: 1.212 GC heap before
{Heap before GC invocations=1 (full 0):
 PSYoungGen      total 34816K, used 30208K [0x00000000d9980000, 0x00000000dc000000, 0x0000000100000000)
  eden space 30208K, 100% used [0x00000000d9980000,0x00000000db700000,0x00000000db700000)
  from space 4608K, 0% used [0x00000000dbb80000,0x00000000dbb80000,0x00000000dc000000)
  to   space 4608K, 0% used [0x00000000db700000,0x00000000db700000,0x00000000dbb80000)
 ParOldGen       total 79360K, used 0K [0x000000008cc00000, 0x0000000091980000, 0x00000000d9980000)
  object space 79360K, 0% used [0x000000008cc00000,0x000000008cc00000,0x0000000091980000)
 Metaspace       used 9822K, capacity 9962K, committed 10112K, reserved 1058816K
  class space    used 1027K, capacity 1115K, committed 1152K, reserved 1048576K
Event: 1.226 GC heap after
Heap after GC invocations=1 (full 0):
 PSYoungGen      total 34816K, used 4581K [0x00000000d9980000, 0x00000000ddd80000, 0x0000000100000000)
  eden space 30208K, 0% used [0x00000000d9980000,0x00000000d9980000,0x00000000db700000)
  from space 4608K, 99% used [0x00000000db700000,0x00000000dbb795e8,0x00000000dbb80000)
  to   space 4608K, 0% used [0x00000000dd900000,0x00000000dd900000,0x00000000ddd80000)
 ParOldGen       total 79360K, used 2373K [0x000000008cc00000, 0x0000000091980000, 0x00000000d9980000)
  object space 79360K, 2% used [0x000000008cc00000,0x000000008ce51638,0x0000000091980000)
 Metaspace       used 9822K, capacity 9962K, committed 10112K, reserved 1058816K
  class space    used 1027K, capacity 1115K, committed 1152K, reserved 1048576K
}
Event: 2.373 GC heap before
{Heap before GC invocations=2 (full 0):
 PSYoungGen      total 34816K, used 34789K [0x00000000d9980000, 0x00000000ddd80000, 0x0000000100000000)
  eden space 30208K, 100% used [0x00000000d9980000,0x00000000db700000,0x00000000db700000)
  from space 4608K, 99% used [0x00000000db700000,0x00000000dbb795e8,0x00000000dbb80000)
  to   space 4608K, 0% used [0x00000000dd900000,0x00000000dd900000,0x00000000ddd80000)
 ParOldGen       total 79360K, used 2373K [0x000000008cc00000, 0x0000000091980000, 0x00000000d9980000)
  object space 79360K, 2% used [0x000000008cc00000,0x000000008ce51638,0x0000000091980000)
 Metaspace       used 14851K, capacity 15100K, committed 15360K, reserved 1062912K
  class space    used 1677K, capacity 1760K, committed 1792K, reserved 1048576K
Event: 2.391 GC heap after
Heap after GC invocations=2 (full 0):
 PSYoungGen      total 65024K, used 4593K [0x00000000d9980000, 0x00000000ddd80000, 0x0000000100000000)
  eden space 60416K, 0% used [0x00000000d9980000,0x00000000d9980000,0x00000000dd480000)
  from space 4608K, 99% used [0x00000000dd900000,0x00000000ddd7c7b0,0x00000000ddd80000)
  to   space 4608K, 0% used [0x00000000dd480000,0x00000000dd480000,0x00000000dd900000)
 ParOldGen       total 79360K, used 6945K [0x000000008cc00000, 0x0000000091980000, 0x00000000d9980000)
  object space 79360K, 8% used [0x000000008cc00000,0x000000008d2c8470,0x0000000091980000)
 Metaspace       used 14851K, capacity 15100K, committed 15360K, reserved 1062912K
  class space    used 1677K, capacity 1760K, committed 1792K, reserved 1048576K
}
Event: 3.141 GC heap before
{Heap before GC invocations=3 (full 0):
 PSYoungGen      total 65024K, used 41963K [0x00000000d9980000, 0x00000000ddd80000, 0x0000000100000000)
  eden space 60416K, 61% used [0x00000000d9980000,0x00000000dbdfe650,0x00000000dd480000)
  from space 4608K, 99% used [0x00000000dd900000,0x00000000ddd7c7b0,0x00000000ddd80000)
  to   space 4608K, 0% used [0x00000000dd480000,0x00000000dd480000,0x00000000dd900000)
 ParOldGen       total 79360K, used 6945K [0x000000008cc00000, 0x0000000091980000, 0x00000000d9980000)
  object space 79360K, 8% used [0x000000008cc00000,0x000000008d2c8470,0x0000000091980000)
 Metaspace       used 20741K, capacity 21142K, committed 21248K, reserved 1069056K
  class space    used 2363K, capacity 2491K, committed 2560K, reserved 1048576K
Event: 3.190 GC heap after
Heap after GC invocations=3 (full 0):
 PSYoungGen      total 65024K, used 4576K [0x00000000d9980000, 0x00000000ddd80000, 0x0000000100000000)
  eden space 60416K, 0% used [0x00000000d9980000,0x00000000d9980000,0x00000000dd480000)
  from space 4608K, 99% used [0x00000000dd480000,0x00000000dd8f8040,0x00000000dd900000)
  to   space 4608K, 0% used [0x00000000dd900000,0x00000000dd900000,0x00000000ddd80000)
 ParOldGen       total 79360K, used 25266K [0x000000008cc00000, 0x0000000091980000, 0x00000000d9980000)
  object space 79360K, 31% used [0x000000008cc00000,0x000000008e4acb80,0x0000000091980000)
 Metaspace       used 20741K, capacity 21142K, committed 21248K, reserved 1069056K
  class space    used 2363K, capacity 2491K, committed 2560K, reserved 1048576K
}
Event: 3.190 GC heap before
{Heap before GC invocations=4 (full 1):
 PSYoungGen      total 65024K, used 4576K [0x00000000d9980000, 0x00000000ddd80000, 0x0000000100000000)
  eden space 60416K, 0% used [0x00000000d9980000,0x00000000d9980000,0x00000000dd480000)
  from space 4608K, 99% used [0x00000000dd480000,0x00000000dd8f8040,0x00000000dd900000)
  to   space 4608K, 0% used [0x00000000dd900000,0x00000000dd900000,0x00000000ddd80000)
 ParOldGen       total 79360K, used 25266K [0x000000008cc00000, 0x0000000091980000, 0x00000000d9980000)
  object space 79360K, 31% used [0x000000008cc00000,0x000000008e4acb80,0x0000000091980000)
 Metaspace       used 20741K, capacity 21142K, committed 21248K, reserved 1069056K
  class space    used 2363K, capacity 2491K, committed 2560K, reserved 1048576K
Event: 3.333 GC heap after
Heap after GC invocations=4 (full 1):
 PSYoungGen      total 65024K, used 0K [0x00000000d9980000, 0x00000000ddd80000, 0x0000000100000000)
  eden space 60416K, 0% used [0x00000000d9980000,0x00000000d9980000,0x00000000dd480000)
  from space 4608K, 0% used [0x00000000dd480000,0x00000000dd480000,0x00000000dd900000)
  to   space 4608K, 0% used [0x00000000dd900000,0x00000000dd900000,0x00000000ddd80000)
 ParOldGen       total 91136K, used 23017K [0x000000008cc00000, 0x0000000092500000, 0x00000000d9980000)
  object space 91136K, 25% used [0x000000008cc00000,0x000000008e27a7a8,0x0000000092500000)
 Metaspace       used 20741K, capacity 21142K, committed 21248K, reserved 1069056K
  class space    used 2363K, capacity 2491K, committed 2560K, reserved 1048576K
}

Deoptimization events (10 events):
Event: 2.717 Thread 0x0000000002ade800 Uncommon trap: reason=class_check action=maybe_recompile pc=0x0000000003037cac method=java.util.Collections$UnmodifiableList.get(I)Ljava/lang/Object; @ 5
Event: 2.718 Thread 0x0000000002ade800 Uncommon trap: reason=class_check action=maybe_recompile pc=0x000000000301ca00 method=java.util.Collections$UnmodifiableCollection.size()I @ 4
Event: 2.745 Thread 0x0000000002ade800 Uncommon trap: reason=unstable_if action=reinterpret pc=0x0000000002ebd920 method=sun.misc.MetaIndex.mayContain(Ljava/lang/String;)Z @ 38
Event: 2.746 Thread 0x0000000002ade800 Uncommon trap: reason=unstable_if action=reinterpret pc=0x00000000030fecf4 method=sun.misc.MetaIndex.mayContain(Ljava/lang/String;)Z @ 38
Event: 2.837 Thread 0x0000000002ade800 Uncommon trap: reason=unstable_if action=reinterpret pc=0x000000000315ff9c method=java.util.Arrays.equals([B[B)Z @ 2
Event: 2.876 Thread 0x0000000002ade800 Uncommon trap: reason=class_check action=maybe_recompile pc=0x000000000313e120 method=java.util.zip.InflaterInputStream.read([BII)I @ 100
Event: 2.944 Thread 0x0000000002ade800 Uncommon trap: reason=unstable_if action=reinterpret pc=0x000000000315ae5c method=java.util.Arrays.hashCode([B)I @ 1
Event: 2.978 Thread 0x0000000002ade800 Uncommon trap: reason=unstable_if action=reinterpret pc=0x0000000003163dc8 method=com.sun.nio.zipfs.ZipFileSystem.getParent([B)[B @ 21
Event: 2.998 Thread 0x0000000002ade800 Uncommon trap: reason=class_check action=maybe_recompile pc=0x000000000313e120 method=java.util.zip.InflaterInputStream.read([BII)I @ 100
Event: 3.384 Thread 0x0000000002ade800 Uncommon trap: reason=unstable_if action=reinterpret pc=0x0000000002e51388 method=java.lang.String.startsWith(Ljava/lang/String;I)Z @ 25

Classes redefined (0 events):
No events

Internal exceptions (10 events):
Event: 0.789 Thread 0x0000000002ade800 Exception <a 'java/security/PrivilegedActionException'> (0x00000000da975ed8) thrown at [C:\src\AOSP-openjdk-git\hotspot\src\share\vm\prims\jvm.cpp, line 1502]
Event: 0.789 Thread 0x0000000002ade800 Exception <a 'java/security/PrivilegedActionException'> (0x00000000da9762d0) thrown at [C:\src\AOSP-openjdk-git\hotspot\src\share\vm\prims\jvm.cpp, line 1502]
Event: 1.240 Thread 0x0000000002ade800 Exception <a 'java/lang/ArrayIndexOutOfBoundsException'> (0x00000000d99da178) thrown at [C:\src\AOSP-openjdk-git\hotspot\src\share\vm\runtime\sharedRuntime.cpp, line 605]
Event: 1.571 Thread 0x0000000002ade800 Exception <a 'java/lang/ArrayIndexOutOfBoundsException'> (0x00000000da435828) thrown at [C:\src\AOSP-openjdk-git\hotspot\src\share\vm\runtime\sharedRuntime.cpp, line 605]
Event: 2.626 Thread 0x0000000002ade800 Exception <a 'java/lang/NoSuchMethodError': java.lang.Object.lambda$static$0()J> (0x00000000da38d630) thrown at [C:\src\AOSP-openjdk-git\hotspot\src\share\vm\interpreter\linkResolver.cpp, line 620]
Event: 2.944 Thread 0x0000000002ade800 Implicit null exception at 0x000000000315acd3 to 0x000000000315ae46
Event: 3.089 Thread 0x0000000002ade800 Exception <a 'java/lang/NoSuchMethodError': java.lang.Object.lambda$static$0(I)[Lorg/jetbrains/kotlin/com/intellij/openapi/editor/event/DocumentListener;> (0x00000000dbafe498) thrown at [C:\src\AOSP-openjdk-git\hotspot\src\share\vm\interpreter\linkResolve
Event: 3.350 Thread 0x0000000002ade800 Exception <a 'java/lang/NoSuchMethodError': java.lang.Object.lambda$static$0(I)[Lorg/jetbrains/kotlin/com/intellij/psi/PsiAnnotation;> (0x00000000d99b37f0) thrown at [C:\src\AOSP-openjdk-git\hotspot\src\share\vm\interpreter\linkResolver.cpp, line 620]
Event: 3.657 Thread 0x0000000002ade800 Exception <a 'java/lang/NoSuchMethodError': java.lang.Object.lambda$static$0(I)[Lorg/jetbrains/kotlin/com/intellij/psi/PsiElement;> (0x00000000da031dd8) thrown at [C:\src\AOSP-openjdk-git\hotspot\src\share\vm\interpreter\linkResolver.cpp, line 620]
Event: 3.735 Thread 0x0000000002ade800 Exception <a 'java/lang/NoSuchMethodError': java.lang.Object.lambda$comparing$77a9974f$1(Ljava/util/function/Function;Ljava/lang/Object;Ljava/lang/Object;)I> (0x00000000da205568) thrown at [C:\src\AOSP-openjdk-git\hotspot\src\share\vm\interpreter\linkReso

Events (10 events):
Event: 3.903 loading class org/jetbrains/kotlin/psi/KtSuperTypeEntry
Event: 3.903 loading class org/jetbrains/kotlin/psi/KtSuperTypeEntry done
Event: 3.904 loading class org/jetbrains/kotlin/psi/KtConstructorCalleeExpression
Event: 3.904 loading class org/jetbrains/kotlin/psi/KtConstructorCalleeExpression done
Event: 3.905 loading class org/jetbrains/kotlin/psi/stubs/elements/KtConstantExpressionElementType
Event: 3.905 loading class org/jetbrains/kotlin/psi/stubs/elements/KtConstantExpressionElementType done
Event: 3.907 loading class org/jetbrains/kotlin/psi/stubs/elements/KtConstantExpressionElementType$Companion
Event: 3.907 loading class org/jetbrains/kotlin/psi/stubs/elements/KtConstantExpressionElementType$Companion done
Event: 3.907 loading class org/jetbrains/kotlin/psi/KtConstantExpression
Event: 3.907 loading class org/jetbrains/kotlin/psi/KtConstantExpression done


Dynamic libraries:
0x00007ff6de5c0000 - 0x00007ff6de5f1000 	C:\Program Files\Android\Android Studio\jre\jre\bin\java.exe
0x00007ff8da7b0000 - 0x00007ff8da9a5000 	C:\WINDOWS\SYSTEM32\ntdll.dll
0x00007ff8da1b0000 - 0x00007ff8da26d000 	C:\WINDOWS\System32\KERNEL32.DLL
0x00007ff8d7f50000 - 0x00007ff8d8218000 	C:\WINDOWS\System32\KERNELBASE.dll
0x00007ff8d8ff0000 - 0x00007ff8d909c000 	C:\WINDOWS\System32\ADVAPI32.dll
0x00007ff8da3b0000 - 0x00007ff8da44e000 	C:\WINDOWS\System32\msvcrt.dll
0x00007ff8d96c0000 - 0x00007ff8d975b000 	C:\WINDOWS\System32\sechost.dll
0x00007ff8d98e0000 - 0x00007ff8d9a0b000 	C:\WINDOWS\System32\RPCRT4.dll
0x00007ff8d9a70000 - 0x00007ff8d9c10000 	C:\WINDOWS\System32\USER32.dll
0x00007ff8d8490000 - 0x00007ff8d84b2000 	C:\WINDOWS\System32\win32u.dll
0x00007ff8d8fc0000 - 0x00007ff8d8fea000 	C:\WINDOWS\System32\GDI32.dll
0x00007ff8d8220000 - 0x00007ff8d832b000 	C:\WINDOWS\System32\gdi32full.dll
0x00007ff8d84c0000 - 0x00007ff8d855d000 	C:\WINDOWS\System32\msvcp_win.dll
0x00007ff8d8720000 - 0x00007ff8d8820000 	C:\WINDOWS\System32\ucrtbase.dll
0x00007ff8c5c40000 - 0x00007ff8c5eda000 	C:\WINDOWS\WinSxS\amd64_microsoft.windows.common-controls_6595b64144ccf1df_6.0.19041.1052_none_60b8f8fd71f5e8cb\COMCTL32.dll
0x00007ff8da270000 - 0x00007ff8da2a0000 	C:\WINDOWS\System32\IMM32.DLL
0x000000005fc00000 - 0x000000005fcd2000 	C:\Program Files\Android\Android Studio\jre\jre\bin\msvcr100.dll
0x000000005fdc0000 - 0x000000006060b000 	C:\Program Files\Android\Android Studio\jre\jre\bin\server\jvm.dll
0x00007ff8d9150000 - 0x00007ff8d9158000 	C:\WINDOWS\System32\PSAPI.DLL
0x00007ff8ce890000 - 0x00007ff8ce8b7000 	C:\WINDOWS\SYSTEM32\WINMM.dll
0x00007ff8d6df0000 - 0x00007ff8d6dfa000 	C:\WINDOWS\SYSTEM32\VERSION.dll
0x00007ff8c3c60000 - 0x00007ff8c3c69000 	C:\WINDOWS\SYSTEM32\WSOCK32.dll
0x00007ff8da700000 - 0x00007ff8da76b000 	C:\WINDOWS\System32\WS2_32.dll
0x00007ff8bf8e0000 - 0x00007ff8bf8ef000 	C:\Program Files\Android\Android Studio\jre\jre\bin\verify.dll
0x00007ff8bea10000 - 0x00007ff8bea39000 	C:\Program Files\Android\Android Studio\jre\jre\bin\java.dll
0x00007ff8bc5e0000 - 0x00007ff8bc5f6000 	C:\Program Files\Android\Android Studio\jre\jre\bin\zip.dll
0x00007ff8d8880000 - 0x00007ff8d8fbf000 	C:\WINDOWS\System32\SHELL32.dll
0x00007ff8d6620000 - 0x00007ff8d6db0000 	C:\WINDOWS\SYSTEM32\windows.storage.dll
0x00007ff8d91e0000 - 0x00007ff8d9535000 	C:\WINDOWS\System32\combase.dll
0x00007ff8d79c0000 - 0x00007ff8d79ec000 	C:\WINDOWS\SYSTEM32\Wldp.dll
0x00007ff8d9540000 - 0x00007ff8d95ee000 	C:\WINDOWS\System32\SHCORE.dll
0x00007ff8d9760000 - 0x00007ff8d97b5000 	C:\WINDOWS\System32\shlwapi.dll
0x00007ff8d7e90000 - 0x00007ff8d7eaf000 	C:\WINDOWS\SYSTEM32\profapi.dll
0x00007ff8b6d80000 - 0x00007ff8b6d9a000 	C:\Program Files\Android\Android Studio\jre\jre\bin\net.dll
0x00007ff8d7730000 - 0x00007ff8d779a000 	C:\WINDOWS\system32\mswsock.dll
0x00007ff8b6d60000 - 0x00007ff8b6d73000 	C:\Program Files\Android\Android Studio\jre\jre\bin\nio.dll

VM Arguments:
java_command: org.jetbrains.kotlin.cli.jvm.K2JVMCompiler @C:\Users\dimar\AndroidStudioProjects\RSS\app\build\20210620_3587259404513523496.compiler.options
java_class_path (initial): C:\Users\dimar\.gradle\caches\modules-2\files-2.1\org.jetbrains.kotlin\kotlin-compiler-embeddable\1.4.32\b4fc9be460ca88eecea2303e142ce2920bd14775\kotlin-compiler-embeddable-1.4.32.jar;C:\Users\dimar\.gradle\caches\modules-2\files-2.1\org.jetbrains.kotlin\kotlin-reflect\1.4.32\ce852b166d97f0f1991b5130c2bb02e2ef6c554e\kotlin-reflect-1.4.32.jar;C:\Users\dimar\.gradle\caches\modules-2\files-2.1\org.jetbrains.kotlin\kotlin-stdlib\1.4.32\461367948840adbb0839c51d91ed74ef4a9ccb52\kotlin-stdlib-1.4.32.jar;C:\Users\dimar\.gradle\caches\modules-2\files-2.1\org.jetbrains.kotlin\kotlin-script-runtime\1.4.32\bac50b0748be017dbc13fc1cb7231b1c9da0e106\kotlin-script-runtime-1.4.32.jar;C:\Users\dimar\.gradle\caches\modules-2\files-2.1\org.jetbrains.kotlin\kotlin-daemon-embeddable\1.4.32\b40c5de5adea26ebb4e5fc36945c482ac20acee2\kotlin-daemon-embeddable-1.4.32.jar;C:\Users\dimar\.gradle\caches\modules-2\files-2.1\org.jetbrains.intellij.deps\trove4j\1.0.20181211\216c2e14b070f334479d800987affe4054cd563f\trove4j-1.0.20181211.jar;C:\Users\dimar\.gradle\caches\modules-2\files-2.1\org.jetbrains.kotlin\kotlin-stdlib-common\1.4.32\ef50bfa2c0491a11dcc35d9822edbfd6170e1ea2\kotlin-stdlib-common-1.4.32.jar;C:\Users\dimar\.gradle\caches\modules-2\files-2.1\org.jetbrains\annotations\13.0\919f0dfe192fb4e063e7dacadee7f8bb9a2672a9\annotations-13.0.jar;C:\Program Files\Android\Android Studio\jre\lib\tools.jar
Launcher Type: SUN_STANDARD

Environment Variables:
PATH=C:\Program Files (x86)\Common Files\Oracle\Java\javapath;C:\Program Files (x86)\VMware\VMware Workstation\bin\;C:\WINDOWS;C:\WINDOWS\system32;C:\WINDOWS\System32\Wbem;C:\WINDOWS\System32\WindowsPowerShell\v1.0\;C:\Program Files (x86)\AMD\ATI.ACE\Core-Static;C:\WINDOWS\System32\OpenSSH\;C:\Program Files\nodejs\;C:\Users\dimar\AppData\Local\Microsoft\WindowsApps;;C:\Users\dimar\AppData\Local\Programs\Microsoft VS Code\bin;C:\Users\dimar\AppData\Roaming\npm
USERNAME=dimar
OS=Windows_NT
PROCESSOR_IDENTIFIER=AMD64 Family 21 Model 16 Stepping 1, AuthenticAMD



---------------  S Y S T E M  ---------------

OS: Windows 10.0 , 64 bit Build 19041 (10.0.19041.1023)

CPU:total 4 (initial active 4) (4 cores per cpu, 1 threads per core) family 21 model 16 stepping 1, cmov, cx8, fxsr, mmx, sse, sse2, sse3, ssse3, sse4.1, sse4.2, popcnt, avx, aes, clmul, mmxext, 3dnowpref, lzcnt, sse4a, tsc, tscinvbit, tscinv, bmi1

Memory: 4k page, physical 7547312k(510268k free), swap 8571312k(5264k free)

vm_info: OpenJDK 64-Bit Server VM (25.242-b01) for windows-amd64 JRE (1.8.0_242-release-1644-b01), built by "builder" with MS VC++ 10.0 (VS2010)

time: Sun Jun 20 12:47:26 2021
timezone: 
elapsed time: 3 seconds (0d 0h 0m 3s)

